create volatile table ZZRF04, no fallback, no log(
 shipment_id INTEGER, 
 GODWFLAG6_1 INTEGER, 
 GODWFLAG8_1 INTEGER)
primary index (

/*******************************************************************************************************************
WARNING DUPLICATE COLUMN NAME FOUND: (EC_PROFILE_ADDR_TYPE_ID)

NETEZZA.POS_TB.EC_PROFILE_ADDR_TYPE.EC_PROFILE_ADDR_TYPE_ID                      -> ecom_profile_address_type_id  
teradata.pos_mcf_tb.ec_order_itlshp_addr_optin.EC_PROFILE_ADDR_TYPE_ID           -> profile_address_type_id       
*********************************************************************************************************************/
 profile_address_type_id) on commit preserve rows

;insert into ZZRF04 
select /* From MSTR Environment: Dev; Project : DW ; Report= 376B6E7341A57BAB92272DBA8B6477C8 ; User=BC74445 */ distinct r11.

/*******************************************************************************************************************
WARNING DUPLICATE COLUMN NAME FOUND: (SKU_KEY)

TERADATA.DW_MCF_TB.INV_SKU_THRSH.SKU_KEY                                         -> sku_guid                      
TERADATA.DW_MCF_TB.FT_WKLY_VDR_RIMRS.SKU_KEY                                     -> sku_key                       
NETEZZA.DW_TB.DWPCSTLU.SKU_KEY                                                   ->                               
TERADATA.DW_MCF_TB.LT_SKU_MCF_STATUS_CHG.SKU_KEY                                 -> sku_key                       
TERADATA.DW_MCF_TB.LT_RECLASS_XREF.SKU_KEY                                       -> item_guid                     
TERADATA.DW_AGG_TB.FT_ITEM_SKU_PIM_EXTN.SKU_KEY                                  -> sku_id                        
NETEZZA.ANALYTICS_TB.APT_CM_HST.SKU_KEY                                          -> item_guid                     
*********************************************************************************************************************/
 item_guid  

/*******************************************************************************************************************
WARNING DUPLICATE COLUMN NAME FOUND: (SKU_KEY)

TERADATA.DW_MCF_TB.INV_SKU_THRSH.SKU_KEY                                         -> sku_guid                      
TERADATA.DW_MCF_TB.FT_WKLY_VDR_RIMRS.SKU_KEY                                     -> sku_key                       
NETEZZA.DW_TB.DWPCSTLU.SKU_KEY                                                   ->                               
TERADATA.DW_MCF_TB.LT_SKU_MCF_STATUS_CHG.SKU_KEY                                 -> sku_key                       
TERADATA.DW_MCF_TB.LT_RECLASS_XREF.SKU_KEY                                       -> item_guid                     
TERADATA.DW_AGG_TB.FT_ITEM_SKU_PIM_EXTN.SKU_KEY                                  -> sku_id                        
NETEZZA.ANALYTICS_TB.APT_CM_HST.SKU_KEY                                          -> item_guid                     
*********************************************************************************************************************/
 item_guid,
	(Case when r11.

/*******************************************************************************************************************
WARNING DUPLICATE COLUMN NAME FOUND: (CREATE_PROCESS_CD)

NETEZZA.COMM_TB.CITY.CREATE_PROCESS_CD                                           -> create_process_code           
TERRADATA.COMM_MCF_TB.TELEPHONE_ADDRESS.CREATE_PROCESS_CD                        -> telephone_home_indicator      
NETEZZA.COMM_TB.MAILING_ADDRESS.CREATE_PROCESS_CD                                -> create_process_code           
TERADATA.CDP_TB.CDP_CUST_PRFL_EXTC.CREATE_PROCESS_CD                             -> src_davids_bridal_flg         
NETEZZA.CUST_TB.EML_CNTCT_LIST_SUMRY.CREATE_PROCESS_CD                           -> create_process_code           
NETEZZA.CUST_TB.MAILER_VERSION.CREATE_PROCESS_CD                                 -> create_user                   
NETEZZA.CUST_TB.MBRSHP_STATUS.CREATE_PROCESS_CD                                  -> create_process_code           
NETEZZA.CUST_TB.PACKAGE.CREATE_PROCESS_CD                                        -> create_user                   
NETEZZA.CUST_TB.WEATHER_CATG_EVENT_XREF.CREATE_PROCESS_CD                        -> create_process_code           
teradata.cdi_tb.dem_rp_acty_dt_catg.CREATE_PROCESS_CD                            -> etl_audit_id                  
TERADATA.CUST_TB.CED_PRG.CREATE_PROCESS_CD                                       -> create_process_code           
TERADATA.CUST_TB.CCC_CUST_SPAM_TYPE.CREATE_PROCESS_CD                            -> create_process_cd             
NETEZZA.CDI_TB.CUSTOMER.CREATE_PROCESS_CD                                        -> create_process_code           
TERADATA.CDI_TB.DEM_ADDRESS_TYPE.CREATE_PROCESS_CD                               -> create_process_cd             
TERADATA.CDI_TB.DEM_INPUT_INDIV.CREATE_PROCESS_CD                                -> create_process_code           
TERADATA.CDI_TB.DEM_CDI_STATUS.CREATE_PROCESS_CD                                 -> create_process_cd             
TERADATA.CDI_TB.DEM_GENERATION_IN_HHLD.CREATE_PROCESS_CD                         -> create_process_code           
TERADATA.CDI_TB.DEM_CNSMR_PROM.CREATE_PROCESS_CD                                 -> create_process_cd             
NETEZZA.CDI_TB.DEM_HM_OWNER_RENT_TYP.CREATE_PROCESS_CD                           -> create_process_code           
teradata.comm_mcf_tb.em_note.CREATE_PROCESS_CD                                   -> update_process_code           
teradata.comm_mcf_tb.em_note_type.CREATE_PROCESS_CD                              -> create_process_code           
NETEZZA.ANALYTICS_TB.FT_CNT_BMCF_RDPA.CREATE_PROCESS_CD                          -> create_process_cd             
teradata.digitalmkt_tb.dgm_gcm_fldlgt_actvy_mtrc.CREATE_PROCESS_CD               -> create_process_code           
TERADATA.COMM_MCF_TB.CMN_SRCSYS.CREATE_PROCESS_CD                                -> create_process_cd             
NETEZZA.ANALYTICS_TB.CA_ADDR_COLLEGE_CURR.CREATE_PROCESS_CD                      -> create_process_code           
TERADATA.CUST_TB.EML_PREDICT_SCORE.CREATE_PROCESS_CD                             -> create_process_cd             
NETEZZA.ANALYTICS_TB.CA_ADDR_COLLEGE_CURR.CREATE_PROCESS_CD                      -> create_process_code           
NETEZZA.DW_TB.DWPCSTLU.CREATE_PROCESS_CD                                         -> create_user                   
TERADATA.POS_MCF_TB.DYN_PRC_EC_SKU_PRC_WEB_INFO.CREATE_PROCESS_CD                -> create_process_code           
TERADATA.POS_MCF_TB.DYN_PRC_EC_PRC_CHG_DTL.CREATE_PROCESS_CD                     -> create_process_cd             
NETEZZA.EDW_AGG_TB.AT_PACE_LOC_BRAKT_PRC_DTL.CREATE_PROCESS_CD                   -> create_process_code           
TERADATA.DW_MCF_TB.AT_WK_REG_EVNT_FLFMNT_LOC.CREATE_PROCESS_CD                   -> d735_inactive_event_registry_filled_count
TERADATA.DW_MCF_TB.AT_WK_REG_FLFMNT_LOC.CREATE_PROCESS_CD                        -> create_process_code           
teradata.edw_agg_tb.loc_rgn_mgr.CREATE_PROCESS_CD                                -> regional_manager_short_name   
TERADATA.EDW_AGG_TB.LOC_RVP.CREATE_PROCESS_CD                                    -> create_process_code           
TERADATA.DW_MCF_TB.DWPSTRLU.CREATE_PROCESS_CD                                    -> create_process_cd             
TERADATA.COMM_MCF_TB.CARRIER.CREATE_PROCESS_CD                                   -> create_process_code           
*********************************************************************************************************************/
 create_process_code in ('A', 'I') then 1 else 0 end)  GODWFLAG6_1,
	(Case when r11.profile_email_address_guid in ('D', 'N') then 1 else 0 end)  GODWFLAG8_1,
	

/*******************************************************************************************************************
WARNING DUPLICATE COLUMN NAME FOUND: (mailing_address_id)

NETEZZA.ANALYTICS_TB.ADDRESS_HOME_STORE_MASTER_WTE.mailing_address_id            -> mailing_addressess_id         
NETEZZA.ANALYTICS_TB.ADDRESS_MSTR[XXXX].mailing_address_id                       -> mailing_addressess_guid       
*********************************************************************************************************************/
 mailing_addressess_guid,
	return_to_vendor_type_description,
	create_job_instance_id,
	

/*******************************************************************************************************************
WARNING DUPLICATE COLUMN NAME FOUND: (FIPS_STATE_CD)

NETEZZA.COMM_TB.FIPS_COUNTY.FIPS_STATE_CD                                        -> federal_information_processing_system_state_code
NETEZZA.COMM_TB.MAILING_ADDRESS.FIPS_STATE_CD                                    -> fips_state_code               
NETEZZA.CUST_TB.WEATHER_ALERT.FIPS_STATE_CD                                      -> federal_information_processing_system_state_code
TERADATA.EFM_TB.ADDR_FIPS_STATE.FIPS_STATE_CD                                    -> fips_state_code               
*********************************************************************************************************************/
 fips_state_code,
	

/*******************************************************************************************************************
WARNING DUPLICATE COLUMN NAME FOUND: (EC_CARRIER_SHP_TRK_ID)

TERADATA.POS_MCF_TB.EC_CARRIER_SHP_TRK_DLVRY_DTL.EC_CARRIER_SHP_TRK_ID           -> carrier_ship_tracking_id      
TERADATA.POS_MCF_TB.EC_CARRIER_SHP_TRK_ORDER_LINE.EC_CARRIER_SHP_TRK_ID          -> ecom_carrier_ship_tracking_id 
*********************************************************************************************************************/
 ecom_carrier_ship_tracking_id
 
from DWPSKULU r11
where (r11.shipment_id in ('A', 'I')
 or r11.

/*******************************************************************************************************************
WARNING DUPLICATE COLUMN NAME FOUND: (CHAIN_STATUS)

TERADATA.DW_MCF_TB.DWPCSSLU.CHAIN_STATUS                                         -> chain_status                  
teradata.dw_agg_tb.ft_pim_item_cl_curr.CHAIN_STATUS                              -> chain_status_text             
TERADATA.DW_MCF_TB.DWPSKULU.CHAIN_STATUS                                         -> chain_status                  
*********************************************************************************************************************/
 chain_status in ('D', 'N'))

create volatile table ZZMD05, no fallback, no log(
 product_discount_amount INTEGER, 
 WJXBFS1 INTEGER)
primary index (

/*******************************************************************************************************************
WARNING DUPLICATE COLUMN NAME FOUND: (SKU_KEY)

TERADATA.DW_MCF_TB.INV_SKU_THRSH.SKU_KEY                                         -> sku_guid                      
TERADATA.DW_MCF_TB.FT_WKLY_VDR_RIMRS.SKU_KEY                                     -> sku_key                       
NETEZZA.DW_TB.DWPCSTLU.SKU_KEY                                                   ->                               
TERADATA.DW_MCF_TB.LT_SKU_MCF_STATUS_CHG.SKU_KEY                                 -> sku_key                       
TERADATA.DW_MCF_TB.LT_RECLASS_XREF.SKU_KEY                                       -> item_guid                     
TERADATA.DW_AGG_TB.FT_ITEM_SKU_PIM_EXTN.SKU_KEY                                  -> sku_id                        
NETEZZA.ANALYTICS_TB.APT_CM_HST.SKU_KEY                                          -> item_guid                     
*********************************************************************************************************************/
 item_guid) on commit preserve rows
